{"level":"info","message":"Process ID: #28868 - Escuchando en el puerto 4000"}
{"level":"info","message":"Worker 28868 started"}
{"level":"info","message":"Mode: undefined"}
{"level":"info","message":"Numero de CPUs: 8"}
{"level":"info","message":"Process ID: #28908 - Escuchando en el puerto 4000"}
{"level":"info","message":"Worker 28908 started"}
{"level":"info","message":"Mode: undefined"}
{"level":"info","message":"Numero de CPUs: 8"}
{"level":"info","message":"Process ID: #32492 - Escuchando en el puerto 4000"}
{"level":"info","message":"Worker 32492 started"}
{"level":"info","message":"Mode: undefined"}
{"level":"info","message":"Numero de CPUs: 8"}
{"level":"info","message":"Process ID: #15796 - Escuchando en el puerto 4000"}
{"level":"info","message":"Worker 15796 started"}
{"level":"info","message":"Mode: undefined"}
{"level":"info","message":"Numero de CPUs: 8"}
{"level":"error","message":"No existe la ruta"}
{"level":"error","message":"No existe la ruta"}
{"level":"info","message":"Process ID: #29220 - Escuchando en el puerto 4000"}
{"level":"info","message":"Worker 29220 started"}
{"level":"info","message":"Mode: undefined"}
{"level":"info","message":"Numero de CPUs: 8"}
{"level":"info","message":"Process ID: #34092 - Escuchando en el puerto 4000"}
{"level":"info","message":"Worker 34092 started"}
{"level":"info","message":"Mode: undefined"}
{"level":"info","message":"Numero de CPUs: 8"}
{"level":"info","message":"Process ID: #13960 - Escuchando en el puerto 4000"}
{"level":"info","message":"Worker 13960 started"}
{"level":"info","message":"Mode: undefined"}
{"level":"info","message":"Numero de CPUs: 8"}
{"level":"info","message":"Process ID: #25808 - Escuchando en el puerto 4000"}
{"level":"info","message":"Worker 25808 started"}
{"level":"info","message":"Mode: undefined"}
{"level":"info","message":"Numero de CPUs: 8"}
{"level":"warn","message":"Salida con codigo de error: : 1"}
{"level":"info","message":"Process ID: #22432 - Escuchando en el puerto 4000"}
{"level":"info","message":"Worker 22432 started"}
{"level":"info","message":"Mode: undefined"}
{"level":"info","message":"Numero de CPUs: 8"}
{"level":"info","message":"Process ID: #10368 - Escuchando en el puerto 4000"}
{"level":"info","message":"Worker 10368 started"}
{"level":"info","message":"Mode: undefined"}
{"level":"info","message":"Numero de CPUs: 8"}
{"level":"warn","message":"Salida con codigo de error: : 1"}
{"level":"info","message":"Process ID: #13096 - Escuchando en el puerto 4000"}
{"level":"info","message":"Worker 13096 started"}
{"level":"info","message":"Mode: undefined"}
{"level":"info","message":"Numero de CPUs: 8"}
{"Mensaje":"{\"obj\":{\"1\":8,\"2\":5,\"3\":11,\"4\":13,\"5\":5,\"6\":11,\"7\":5,\"8\":7,\"9\":9,\"10\":9,\"11\":8,\"12\":15,\"13\":12,\"14\":7,\"15\":10,\"16\":7,\"17\":9,\"18\":10,\"19\":11,\"20\":4,\"21\":10,\"22\":11,\"23\":10,\"24\":8,\"25\":6,\"26\":6,\"27\":10,\"28\":11,\"29\":14,\"30\":11,\"31\":4,\"32\":13,\"33\":11,\"34\":11,\"35\":10,\"36\":13,\"37\":9,\"38\":14,\"39\":10,\"40\":9,\"41\":8,\"42\":13,\"43\":10,\"44\":9,\"45\":7,\"46\":10,\"47\":15,\"48\":11,\"49\":12,\"50\":12,\"51\":4,\"52\":10,\"53\":7,\"54\":16,\"55\":4,\"56\":6,\"57\":12,\"58\":12,\"59\":9,\"60\":12,\"61\":11,\"62\":19,\"63\":16,\"64\":13,\"65\":12,\"66\":6,\"67\":10,\"68\":3,\"69\":8,\"70\":11,\"71\":11,\"72\":14,\"73\":7,\"74\":14,\"75\":16,\"76\":4,\"77\":7,\"78\":12,\"79\":8,\"80\":8,\"81\":9,\"82\":7,\"83\":10,\"84\":10,\"85\":6,\"86\":7,\"87\":7,\"88\":17,\"89\":16,\"90\":11,\"91\":11,\"92\":14,\"93\":7,\"94\":17,\"95\":10,\"96\":11,\"97\":5,\"98\":19,\"99\":13,\"100\":10,\"101\":5,\"102\":5,\"103\":6,\"104\":9,\"105\":10,\"106\":9,\"107\":9,\"108\":5,\"109\":16,\"110\":15,\"111\":7,\"112\":9,\"113\":8,\"114\":12,\"115\":14,\"116\":10,\"117\":13,\"118\":11,\"119\":8,\"120\":10,\"121\":10,\"122\":10,\"123\":10,\"124\":15,\"125\":11,\"126\":10,\"127\":9,\"128\":13,\"129\":19,\"130\":5,\"131\":17,\"132\":8,\"133\":11,\"134\":5,\"135\":5,\"136\":8,\"137\":13,\"138\":7,\"139\":10,\"140\":10,\"141\":11,\"142\":11,\"143\":9,\"144\":9,\"145\":14,\"146\":9,\"147\":12,\"148\":11,\"149\":4,\"150\":12,\"151\":12,\"152\":11,\"153\":16,\"154\":9,\"155\":9,\"156\":10,\"157\":12,\"158\":12,\"159\":11,\"160\":11,\"161\":12,\"162\":11,\"163\":14,\"164\":8,\"165\":11,\"166\":9,\"167\":8,\"168\":11,\"169\":15,\"170\":10,\"171\":19,\"172\":13,\"173\":7,\"174\":5,\"175\":8,\"176\":14,\"177\":17,\"178\":7,\"179\":7,\"180\":4,\"181\":13,\"182\":7,\"183\":10,\"184\":8,\"185\":10,\"186\":9,\"187\":7,\"188\":13,\"189\":5,\"190\":12,\"191\":8,\"192\":7,\"193\":14,\"194\":7,\"195\":9,\"196\":6,\"197\":15,\"198\":8,\"199\":12,\"200\":10,\"201\":5,\"202\":10,\"203\":9,\"204\":7,\"205\":9,\"206\":18,\"207\":6,\"208\":11,\"209\":11,\"210\":8,\"211\":8,\"212\":11,\"213\":16,\"214\":9,\"215\":14,\"216\":7,\"217\":7,\"218\":15,\"219\":14,\"220\":16,\"221\":11,\"222\":13,\"223\":7,\"224\":7,\"225\":7,\"226\":12,\"227\":8,\"228\":9,\"229\":9,\"230\":8,\"231\":13,\"232\":8,\"233\":16,\"234\":13,\"235\":9,\"236\":10,\"237\":10,\"238\":13,\"239\":9,\"240\":14,\"241\":5,\"242\":9,\"243\":12,\"244\":10,\"245\":11,\"246\":10,\"247\":8,\"248\":8,\"249\":11,\"250\":10,\"251\":10,\"252\":11,\"253\":14,\"254\":16,\"255\":6,\"256\":7,\"257\":17,\"258\":7,\"259\":7,\"260\":12,\"261\":9,\"262\":4,\"263\":10,\"264\":7,\"265\":9,\"266\":11,\"267\":10,\"268\":9,\"269\":9,\"270\":13,\"271\":9,\"272\":8,\"273\":9,\"274\":14,\"275\":15,\"276\":12,\"277\":14,\"278\":8,\"279\":14,\"280\":6,\"281\":10,\"282\":13,\"283\":11,\"284\":11,\"285\":7,\"286\":9,\"287\":16,\"288\":11,\"289\":10,\"290\":3,\"291\":14,\"292\":9,\"293\":7,\"294\":11,\"295\":10,\"296\":14,\"297\":8,\"298\":14,\"299\":8,\"300\":8,\"301\":12,\"302\":9,\"303\":15,\"304\":7,\"305\":10,\"306\":16,\"307\":12,\"308\":12,\"309\":9,\"310\":10,\"311\":9,\"312\":10,\"313\":8,\"314\":8,\"315\":11,\"316\":8,\"317\":10,\"318\":8,\"319\":11,\"320\":10,\"321\":13,\"322\":8,\"323\":18,\"324\":13,\"325\":7,\"326\":6,\"327\":9,\"328\":18,\"329\":9,\"330\":11,\"331\":7,\"332\":13,\"333\":8,\"334\":11,\"335\":10,\"336\":12,\"337\":12,\"338\":11,\"339\":13,\"340\":4,\"341\":4,\"342\":14,\"343\":10,\"344\":8,\"345\":6,\"346\":13,\"347\":17,\"348\":6,\"349\":16,\"350\":6,\"351\":8,\"352\":13,\"353\":10,\"354\":16,\"355\":2,\"356\":7,\"357\":7,\"358\":14,\"359\":6,\"360\":8,\"361\":6,\"362\":14,\"363\":8,\"364\":10,\"365\":10,\"366\":2,\"367\":13,\"368\":12,\"369\":13,\"370\":13,\"371\":5,\"372\":8,\"373\":11,\"374\":22,\"375\":10,\"376\":12,\"377\":15,\"378\":11,\"379\":12,\"380\":10,\"381\":10,\"382\":12,\"383\":10,\"384\":7,\"385\":7,\"386\":12,\"387\":10,\"388\":13,\"389\":10,\"390\":7,\"391\":13,\"392\":13,\"393\":12,\"394\":10,\"395\":13,\"396\":8,\"397\":10,\"398\":10,\"399\":5,\"400\":13,\"401\":8,\"402\":9,\"403\":14,\"404\":7,\"405\":15,\"406\":9,\"407\":5,\"408\":9,\"409\":6,\"410\":11,\"411\":8,\"412\":9,\"413\":13,\"414\":9,\"415\":13,\"416\":10,\"417\":10,\"418\":7,\"419\":15,\"420\":15,\"421\":13,\"422\":9,\"423\":11,\"424\":11,\"425\":6,\"426\":9,\"427\":10,\"428\":10,\"429\":13,\"430\":11,\"431\":14,\"432\":13,\"433\":8,\"434\":9,\"435\":9,\"436\":10,\"437\":12,\"438\":10,\"439\":14,\"440\":11,\"441\":12,\"442\":13,\"443\":4,\"444\":10,\"445\":13,\"446\":14,\"447\":11,\"448\":9,\"449\":9,\"450\":7,\"451\":7,\"452\":10,\"453\":8,\"454\":13,\"455\":7,\"456\":8,\"457\":11,\"458\":10,\"459\":10,\"460\":13,\"461\":13,\"462\":4,\"463\":12,\"464\":11,\"465\":14,\"466\":18,\"467\":15,\"468\":13,\"469\":9,\"470\":9,\"471\":10,\"472\":17,\"473\":10,\"474\":14,\"475\":11,\"476\":11,\"477\":9,\"478\":12,\"479\":7,\"480\":13,\"481\":10,\"482\":8,\"483\":3,\"484\":4,\"485\":8,\"486\":9,\"487\":8,\"488\":8,\"489\":14,\"490\":10,\"491\":9,\"492\":4,\"493\":9,\"494\":17,\"495\":9,\"496\":6,\"497\":8,\"498\":8,\"499\":10,\"500\":6,\"501\":16,\"502\":13,\"503\":13,\"504\":4,\"505\":11,\"506\":8,\"507\":10,\"508\":7,\"509\":9,\"510\":9,\"511\":12,\"512\":9,\"513\":8,\"514\":10,\"515\":9,\"516\":16,\"517\":11,\"518\":8,\"519\":12,\"520\":4,\"521\":9,\"522\":7,\"523\":13,\"524\":12,\"525\":14,\"526\":12,\"527\":12,\"528\":16,\"529\":6,\"530\":8,\"531\":9,\"532\":13,\"533\":11,\"534\":7,\"535\":10,\"536\":8,\"537\":6,\"538\":3,\"539\":17,\"540\":14,\"541\":11,\"542\":5,\"543\":18,\"544\":9,\"545\":10,\"546\":10,\"547\":6,\"548\":13,\"549\":9,\"550\":7,\"551\":4,\"552\":19,\"553\":14,\"554\":15,\"555\":7,\"556\":13,\"557\":7,\"558\":6,\"559\":12,\"560\":9,\"561\":6,\"562\":10,\"563\":13,\"564\":6,\"565\":11,\"566\":13,\"567\":9,\"568\":13,\"569\":17,\"570\":9,\"571\":11,\"572\":9,\"573\":7,\"574\":9,\"575\":13,\"576\":11,\"577\":10,\"578\":7,\"579\":10,\"580\":12,\"581\":6,\"582\":11,\"583\":14,\"584\":11,\"585\":8,\"586\":8,\"587\":15,\"588\":9,\"589\":16,\"590\":9,\"591\":10,\"592\":8,\"593\":13,\"594\":12,\"595\":9,\"596\":9,\"597\":6,\"598\":8,\"599\":11,\"600\":10,\"601\":11,\"602\":7,\"603\":12,\"604\":8,\"605\":11,\"606\":8,\"607\":13,\"608\":17,\"609\":8,\"610\":7,\"611\":10,\"612\":14,\"613\":10,\"614\":10,\"615\":11,\"616\":9,\"617\":10,\"618\":12,\"619\":9,\"620\":18,\"621\":14,\"622\":9,\"623\":14,\"624\":6,\"625\":12,\"626\":9,\"627\":7,\"628\":13,\"629\":11,\"630\":10,\"631\":11,\"632\":8,\"633\":10,\"634\":17,\"635\":15,\"636\":9,\"637\":7,\"638\":8,\"639\":9,\"640\":11,\"641\":9,\"642\":14,\"643\":13,\"644\":13,\"645\":16,\"646\":3,\"647\":14,\"648\":8,\"649\":13,\"650\":9,\"651\":9,\"652\":10,\"653\":16,\"654\":10,\"655\":8,\"656\":5,\"657\":10,\"658\":10,\"659\":14,\"660\":10,\"661\":11,\"662\":8,\"663\":4,\"664\":6,\"665\":16,\"666\":9,\"667\":7,\"668\":14,\"669\":9,\"670\":7,\"671\":10,\"672\":6,\"673\":9,\"674\":5,\"675\":9,\"676\":6,\"677\":9,\"678\":8,\"679\":13,\"680\":12,\"681\":11,\"682\":10,\"683\":9,\"684\":6,\"685\":11,\"686\":7,\"687\":10,\"688\":11,\"689\":5,\"690\":12,\"691\":9,\"692\":13,\"693\":6,\"694\":6,\"695\":11,\"696\":10,\"697\":7,\"698\":1,\"699\":15,\"700\":12,\"701\":6,\"702\":7,\"703\":12,\"704\":6,\"705\":8,\"706\":3,\"707\":4,\"708\":10,\"709\":7,\"710\":9,\"711\":10,\"712\":13,\"713\":10,\"714\":10,\"715\":5,\"716\":5,\"717\":5,\"718\":5,\"719\":8,\"720\":7,\"721\":7,\"722\":8,\"723\":9,\"724\":11,\"725\":5,\"726\":16,\"727\":9,\"728\":6,\"729\":4,\"730\":10,\"731\":11,\"732\":13,\"733\":9,\"734\":16,\"735\":10,\"736\":16,\"737\":13,\"738\":8,\"739\":11,\"740\":6,\"741\":11,\"742\":10,\"743\":7,\"744\":8,\"745\":12,\"746\":4,\"747\":8,\"748\":9,\"749\":10,\"750\":10,\"751\":10,\"752\":7,\"753\":6,\"754\":9,\"755\":10,\"756\":13,\"757\":7,\"758\":15,\"759\":15,\"760\":6,\"761\":8,\"762\":7,\"763\":6,\"764\":15,\"765\":8,\"766\":9,\"767\":6,\"768\":10,\"769\":10,\"770\":15,\"771\":8,\"772\":8,\"773\":9,\"774\":6,\"775\":7,\"776\":10,\"777\":13,\"778\":14,\"779\":11,\"780\":7,\"781\":6,\"782\":15,\"783\":8,\"784\":11,\"785\":8,\"786\":11,\"787\":4,\"788\":8,\"789\":6,\"790\":10,\"791\":11,\"792\":7,\"793\":11,\"794\":8,\"795\":8,\"796\":8,\"797\":6,\"798\":6,\"799\":8,\"800\":13,\"801\":13,\"802\":22,\"803\":15,\"804\":12,\"805\":17,\"806\":12,\"807\":11,\"808\":12,\"809\":6,\"810\":9,\"811\":13,\"812\":13,\"813\":9,\"814\":9,\"815\":12,\"816\":9,\"817\":9,\"818\":13,\"819\":7,\"820\":8,\"821\":13,\"822\":12,\"823\":6,\"824\":12,\"825\":13,\"826\":6,\"827\":6,\"828\":10,\"829\":12,\"830\":15,\"831\":12,\"832\":12,\"833\":8,\"834\":9,\"835\":6,\"836\":5,\"837\":8,\"838\":13,\"839\":13,\"840\":8,\"841\":11,\"842\":9,\"843\":9,\"844\":16,\"845\":6,\"846\":12,\"847\":8,\"848\":16,\"849\":14,\"850\":13,\"851\":8,\"852\":10,\"853\":7,\"854\":12,\"855\":10,\"856\":12,\"857\":11,\"858\":16,\"859\":11,\"860\":10,\"861\":10,\"862\":11,\"863\":5,\"864\":7,\"865\":7,\"866\":4,\"867\":6,\"868\":14,\"869\":9,\"870\":7,\"871\":6,\"872\":10,\"873\":9,\"874\":7,\"875\":6,\"876\":9,\"877\":8,\"878\":6,\"879\":13,\"880\":11,\"881\":19,\"882\":6,\"883\":11,\"884\":13,\"885\":10,\"886\":14,\"887\":7,\"888\":11,\"889\":16,\"890\":9,\"891\":13,\"892\":13,\"893\":8,\"894\":9,\"895\":15,\"896\":6,\"897\":8,\"898\":12,\"899\":10,\"900\":11,\"901\":12,\"902\":11,\"903\":12,\"904\":7,\"905\":18,\"906\":6,\"907\":7,\"908\":9,\"909\":8,\"910\":15,\"911\":9,\"912\":12,\"913\":15,\"914\":9,\"915\":7,\"916\":13,\"917\":8,\"918\":12,\"919\":10,\"920\":8,\"921\":8,\"922\":9,\"923\":6,\"924\":13,\"925\":6,\"926\":13,\"927\":9,\"928\":10,\"929\":9,\"930\":14,\"931\":12,\"932\":10,\"933\":4,\"934\":11,\"935\":12,\"936\":4,\"937\":11,\"938\":9,\"939\":6,\"940\":5,\"941\":10,\"942\":10,\"943\":7,\"944\":10,\"945\":11,\"946\":6,\"947\":11,\"948\":8,\"949\":9,\"950\":9,\"951\":6,\"952\":12,\"953\":14,\"954\":6,\"955\":6,\"956\":13,\"957\":9,\"958\":6,\"959\":14,\"960\":8,\"961\":16,\"962\":14,\"963\":8,\"964\":11,\"965\":10,\"966\":3,\"967\":15,\"968\":8,\"969\":13,\"970\":9,\"971\":11,\"972\":11,\"973\":11,\"974\":9,\"975\":8,\"976\":13,\"977\":7,\"978\":11,\"979\":14,\"980\":9,\"981\":16,\"982\":10,\"983\":6,\"984\":5,\"985\":14,\"986\":5,\"987\":6,\"988\":6,\"989\":10,\"990\":10,\"991\":6,\"992\":10,\"993\":9,\"994\":13,\"995\":9,\"996\":5,\"997\":13,\"998\":13,\"999\":10,\"1000\":7}}","level":"info","message":"Returning api/randoms result: "}
{"level":"error","message":"No existe la ruta"}
{"level":"info","message":"Connected to MongoDB Server"}
{"level":"info","message":"Process ID: #8636 - Escuchando en el puerto 4000"}
{"level":"info","message":"Worker 8636 started"}
{"level":"info","message":"Mode: undefined"}
{"level":"info","message":"Numero de CPUs: 8"}
{"level":"info","message":"Connected to MongoDB Server"}
{"level":"info","message":"Process ID: #27060 - Escuchando en el puerto 4000"}
{"level":"info","message":"Worker 27060 started"}
{"level":"info","message":"Mode: undefined"}
{"level":"info","message":"Numero de CPUs: 8"}
{"level":"info","message":"Connected to MongoDB Server"}
{"level":"info","message":"Connected to MongoDB Server"}
{"level":"info","message":"Process ID: #35064 - Escuchando en el puerto 4000"}
{"level":"info","message":"Worker 35064 started"}
{"level":"info","message":"Mode: undefined"}
{"level":"info","message":"Numero de CPUs: 8"}
{"level":"error","message":"No existe la ruta"}
{"level":"info","message":"Connected to MongoDB Server"}
{"level":"info","message":"Process ID: #27540 - Escuchando en el puerto 4000"}
{"level":"info","message":"Worker 27540 started"}
{"level":"info","message":"Mode: undefined"}
{"level":"info","message":"Numero de CPUs: 8"}
{"level":"info","message":"Connected to MongoDB Server"}
{"level":"info","message":"Connected to MongoDB Server"}
{"level":"info","message":"Process ID: #35504 - Escuchando en el puerto 4000"}
{"level":"info","message":"Worker 35504 started"}
{"level":"info","message":"Mode: undefined"}
{"level":"info","message":"Numero de CPUs: 8"}
{"level":"info","message":"Connected to MongoDB Server"}
{"level":"info","message":"Process ID: #38884 - Escuchando en el puerto 4000"}
{"level":"info","message":"Worker 38884 started"}
{"level":"info","message":"Mode: undefined"}
{"level":"info","message":"Numero de CPUs: 8"}
{"level":"info","message":"Connected to MongoDB Server"}
{"level":"info","message":"Process ID: #34740 - Escuchando en el puerto 4000"}
{"level":"info","message":"Worker 34740 started"}
{"level":"info","message":"Mode: undefined"}
{"level":"info","message":"Numero de CPUs: 8"}
{"level":"info","message":"Connected to MongoDB Server"}
{"level":"info","message":"Process ID: #20520 - Escuchando en el puerto 4000"}
{"level":"info","message":"Worker 20520 started"}
{"level":"info","message":"Mode: undefined"}
{"level":"info","message":"Numero de CPUs: 8"}
{"level":"info","message":"Connected to MongoDB Server"}
{"level":"info","message":"Process ID: #32972 - Escuchando en el puerto 4000"}
{"level":"info","message":"Worker 32972 started"}
{"level":"info","message":"Mode: undefined"}
{"level":"info","message":"Numero de CPUs: 8"}
{"level":"warn","message":"Salida con codigo de error: : 1"}
{"level":"info","message":"Connected to MongoDB Server"}
{"level":"info","message":"Process ID: #36064 - Escuchando en el puerto 4000"}
{"level":"info","message":"Worker 36064 started"}
{"level":"info","message":"Mode: undefined"}
{"level":"info","message":"Numero de CPUs: 8"}
{"level":"warn","message":"Salida con codigo de error: : 1"}
